[1.107s] Invoking command in '/home/sis/ros2t_ws/build/add_service_cpp': CMAKE_PREFIX_PATH=${CMAKE_PREFIX_PATH}:/home/sis/ros2t_ws/install/add_service_py:/home/sis/ros2t_ws/install/pubsub_py:/opt/ros/humble /usr/bin/cmake --build /home/sis/ros2t_ws/build/add_service_cpp -- -j4 -l4
[2.968s] [35m[1mConsolidate compiler generated dependencies of target server[0m
[2.969s] [35m[1mConsolidate compiler generated dependencies of target client[0m
[2.971s] [ 25%] [32mBuilding CXX object CMakeFiles/client.dir/src/client.cpp.o[0m
[2.972s] [ 50%] [32mBuilding CXX object CMakeFiles/server.dir/src/server.cpp.o[0m
[16.991s] [01m[K/home/sis/ros2t_ws/src/add_service_cpp/src/client.cpp:[m[K In function â€˜[01m[Kint main(int, char**)[m[Kâ€™:
[16.991s] [01m[K/home/sis/ros2t_ws/src/add_service_cpp/src/client.cpp:21:29:[m[K [01;31m[Kerror: [m[Kâ€˜[01m[Kexmaple_interfaces[m[Kâ€™ was not declared in this scope; did you mean â€˜[01m[Kexample_interfaces[m[Kâ€™?
[16.991s]    21 |         node->create_client<[01;31m[Kexmaple_interfaces[m[K::srv::AddTwoInts>("service");
[16.991s]       |                             [01;31m[K^~~~~~~~~~~~~~~~~~[m[K
[16.992s]       |                             [32m[Kexample_interfaces[m[K
[16.992s] [01m[K/home/sis/ros2t_ws/src/add_service_cpp/src/client.cpp:21:15:[m[K [01;31m[Kerror: [m[Kparse error in template argument list
[16.992s]    21 |         node->[01;31m[Kcreate_client<exmaple_interfaces::srv::AddTwoInts>[m[K("service");
[16.992s]       |               [01;31m[K^~~~~~~~~~~~~~~~~~~~~~~~~~~~~~~~~~~~~~~~~~~~~~~~~~[m[K
[16.992s] [01m[K/home/sis/ros2t_ws/src/add_service_cpp/src/client.cpp:21:65:[m[K [01;31m[Kerror: [m[Kno matching function for call to â€˜[01m[Krclcpp::Node::create_client<<expression error> >(const char [8])[m[Kâ€™
[16.993s]    21 |         [01;31m[Knode->create_client<exmaple_interfaces::srv::AddTwoInts>("service")[m[K;
[16.993s]       |         [01;31m[K~~~~~~~~~~~~~~~~~~~~~~~~~~~~~~~~~~~~~~~~~~~~~~~~~~~~~~~~^~~~~~~~~~~[m[K
[16.993s] In file included from [01m[K/opt/ros/humble/include/rclcpp/rclcpp/executors/single_threaded_executor.hpp:28[m[K,
[16.993s]                  from [01m[K/opt/ros/humble/include/rclcpp/rclcpp/executors.hpp:22[m[K,
[16.993s]                  from [01m[K/opt/ros/humble/include/rclcpp/rclcpp/rclcpp.hpp:155[m[K,
[16.994s]                  from [01m[K/home/sis/ros2t_ws/src/add_service_cpp/src/client.cpp:1[m[K:
[16.994s] [01m[K/opt/ros/humble/include/rclcpp/rclcpp/node.hpp:252:3:[m[K [01;36m[Knote: [m[Kcandidate: â€˜[01m[Ktemplate<class ServiceT> typename rclcpp::Client<ServiceT>::SharedPtr rclcpp::Node::create_client(const string&, const rmw_qos_profile_t&, rclcpp::CallbackGroup::SharedPtr)[m[Kâ€™
[16.994s]   252 |   [01;36m[Kcreate_client[m[K(
[16.994s]       |   [01;36m[K^~~~~~~~~~~~~[m[K
[16.994s] [01m[K/opt/ros/humble/include/rclcpp/rclcpp/node.hpp:252:3:[m[K [01;36m[Knote: [m[K  template argument deduction/substitution failed:
[16.995s] [01m[K/home/sis/ros2t_ws/src/add_service_cpp/src/client.cpp:21:65:[m[K [01;31m[Kerror: [m[Ktemplate argument 1 is invalid
[16.995s]    21 |         [01;31m[Knode->create_client<exmaple_interfaces::srv::AddTwoInts>("service")[m[K;
[16.995s]       |         [01;31m[K~~~~~~~~~~~~~~~~~~~~~~~~~~~~~~~~~~~~~~~~~~~~~~~~~~~~~~~~^~~~~~~~~~~[m[K
[16.998s] [01m[K/home/sis/ros2t_ws/src/add_service_cpp/src/client.cpp:24:28:[m[K [01;31m[Kerror: [m[Kexpected â€˜[01m[K;[m[Kâ€™ before â€˜[01m[Kreq[m[Kâ€™
[16.998s]    24 |     req->a = atoll(argv[1])
[16.998s]       |                            [01;31m[K^[m[K
[16.999s]       |                            [32m[K;[m[K
[16.999s]    25 |     [32m[Kreq[m[K->b = atoll(argv[2])
[16.999s]       |     [32m[K~~~[m[K                     
[17.946s] gmake[2]: *** [CMakeFiles/client.dir/build.make:76: CMakeFiles/client.dir/src/client.cpp.o] Error 1
[17.946s] gmake[1]: *** [CMakeFiles/Makefile2:165: CMakeFiles/client.dir/all] Error 2
[17.946s] gmake[1]: *** Waiting for unfinished jobs....
[18.526s] [ 75%] [32m[1mLinking CXX executable server[0m
[19.141s] [ 75%] Built target server
[19.157s] gmake: *** [Makefile:146: all] Error 2
[19.169s] Invoked command in '/home/sis/ros2t_ws/build/add_service_cpp' returned '2': CMAKE_PREFIX_PATH=${CMAKE_PREFIX_PATH}:/home/sis/ros2t_ws/install/add_service_py:/home/sis/ros2t_ws/install/pubsub_py:/opt/ros/humble /usr/bin/cmake --build /home/sis/ros2t_ws/build/add_service_cpp -- -j4 -l4
