[01m[K/home/sis/ros2t_ws/src/add_service_cpp/src/client.cpp:[m[K In function â€˜[01m[Kint main(int, char**)[m[Kâ€™:
[01m[K/home/sis/ros2t_ws/src/add_service_cpp/src/client.cpp:21:29:[m[K [01;31m[Kerror: [m[Kâ€˜[01m[Kexmaple_interfaces[m[Kâ€™ was not declared in this scope; did you mean â€˜[01m[Kexample_interfaces[m[Kâ€™?
   21 |         node->create_client<[01;31m[Kexmaple_interfaces[m[K::srv::AddTwoInts>("service");
      |                             [01;31m[K^~~~~~~~~~~~~~~~~~[m[K
      |                             [32m[Kexample_interfaces[m[K
[01m[K/home/sis/ros2t_ws/src/add_service_cpp/src/client.cpp:21:15:[m[K [01;31m[Kerror: [m[Kparse error in template argument list
   21 |         node->[01;31m[Kcreate_client<exmaple_interfaces::srv::AddTwoInts>[m[K("service");
      |               [01;31m[K^~~~~~~~~~~~~~~~~~~~~~~~~~~~~~~~~~~~~~~~~~~~~~~~~~[m[K
[01m[K/home/sis/ros2t_ws/src/add_service_cpp/src/client.cpp:21:65:[m[K [01;31m[Kerror: [m[Kno matching function for call to â€˜[01m[Krclcpp::Node::create_client<<expression error> >(const char [8])[m[Kâ€™
   21 |         [01;31m[Knode->create_client<exmaple_interfaces::srv::AddTwoInts>("service")[m[K;
      |         [01;31m[K~~~~~~~~~~~~~~~~~~~~~~~~~~~~~~~~~~~~~~~~~~~~~~~~~~~~~~~~^~~~~~~~~~~[m[K
In file included from [01m[K/opt/ros/humble/include/rclcpp/rclcpp/executors/single_threaded_executor.hpp:28[m[K,
                 from [01m[K/opt/ros/humble/include/rclcpp/rclcpp/executors.hpp:22[m[K,
                 from [01m[K/opt/ros/humble/include/rclcpp/rclcpp/rclcpp.hpp:155[m[K,
                 from [01m[K/home/sis/ros2t_ws/src/add_service_cpp/src/client.cpp:1[m[K:
[01m[K/opt/ros/humble/include/rclcpp/rclcpp/node.hpp:252:3:[m[K [01;36m[Knote: [m[Kcandidate: â€˜[01m[Ktemplate<class ServiceT> typename rclcpp::Client<ServiceT>::SharedPtr rclcpp::Node::create_client(const string&, const rmw_qos_profile_t&, rclcpp::CallbackGroup::SharedPtr)[m[Kâ€™
  252 |   [01;36m[Kcreate_client[m[K(
      |   [01;36m[K^~~~~~~~~~~~~[m[K
[01m[K/opt/ros/humble/include/rclcpp/rclcpp/node.hpp:252:3:[m[K [01;36m[Knote: [m[K  template argument deduction/substitution failed:
[01m[K/home/sis/ros2t_ws/src/add_service_cpp/src/client.cpp:21:65:[m[K [01;31m[Kerror: [m[Ktemplate argument 1 is invalid
   21 |         [01;31m[Knode->create_client<exmaple_interfaces::srv::AddTwoInts>("service")[m[K;
      |         [01;31m[K~~~~~~~~~~~~~~~~~~~~~~~~~~~~~~~~~~~~~~~~~~~~~~~~~~~~~~~~^~~~~~~~~~~[m[K
[01m[K/home/sis/ros2t_ws/src/add_service_cpp/src/client.cpp:24:28:[m[K [01;31m[Kerror: [m[Kexpected â€˜[01m[K;[m[Kâ€™ before â€˜[01m[Kreq[m[Kâ€™
   24 |     req->a = atoll(argv[1])
      |                            [01;31m[K^[m[K
      |                            [32m[K;[m[K
   25 |     [32m[Kreq[m[K->b = atoll(argv[2])
      |     [32m[K~~~[m[K                     
[01m[K/home/sis/ros2t_ws/src/add_service_cpp/src/server.cpp:[m[K In function â€˜[01m[Kint main(int, char**)[m[Kâ€™:
[01m[K/home/sis/ros2t_ws/src/add_service_cpp/src/server.cpp:22:12:[m[K [01;31m[Kerror: [m[Kâ€˜[01m[KService[m[Kâ€™ was not declared in this scope; did you mean â€˜[01m[Krclcpp::Service[m[Kâ€™?
   22 |     rclcpp:[01;31m[KService[m[K<example_interfaces::srv::AddTwoInts>::SharedPtr srv =
      |            [01;31m[K^~~~~~~[m[K
      |            [32m[Krclcpp::Service[m[K
In file included from [01m[K/opt/ros/humble/include/rclcpp/rclcpp/service.hpp:36[m[K,
                 from [01m[K/opt/ros/humble/include/rclcpp/rclcpp/callback_group.hpp:28[m[K,
                 from [01m[K/opt/ros/humble/include/rclcpp/rclcpp/any_executable.hpp:20[m[K,
                 from [01m[K/opt/ros/humble/include/rclcpp/rclcpp/memory_strategy.hpp:25[m[K,
                 from [01m[K/opt/ros/humble/include/rclcpp/rclcpp/memory_strategies.hpp:18[m[K,
                 from [01m[K/opt/ros/humble/include/rclcpp/rclcpp/executor_options.hpp:20[m[K,
                 from [01m[K/opt/ros/humble/include/rclcpp/rclcpp/executor.hpp:37[m[K,
                 from [01m[K/opt/ros/humble/include/rclcpp/rclcpp/executors/multi_threaded_executor.hpp:25[m[K,
                 from [01m[K/opt/ros/humble/include/rclcpp/rclcpp/executors.hpp:21[m[K,
                 from [01m[K/opt/ros/humble/include/rclcpp/rclcpp/rclcpp.hpp:155[m[K,
                 from [01m[K/home/sis/ros2t_ws/src/add_service_cpp/src/server.cpp:1[m[K:
[01m[K/opt/ros/humble/include/rclcpp/rclcpp/any_service_callback.hpp:55:7:[m[K [01;36m[Knote: [m[Kâ€˜[01m[Krclcpp::Service[m[Kâ€™ declared here
   55 | class [01;36m[KService[m[K;
      |       [01;36m[K^~~~~~~[m[K
[01m[K/home/sis/ros2t_ws/src/add_service_cpp/src/server.cpp:22:55:[m[K [01;31m[Kerror: [m[Kexpected primary-expression before â€˜[01m[K>[m[Kâ€™ token
   22 |     rclcpp:Service<example_interfaces::srv::AddTwoInts[01;31m[K>[m[K::SharedPtr srv =
      |                                                       [01;31m[K^[m[K
[01m[K/home/sis/ros2t_ws/src/add_service_cpp/src/server.cpp:22:58:[m[K [01;31m[Kerror: [m[Kâ€˜[01m[K::SharedPtr[m[Kâ€™ has not been declared; did you mean â€˜[01m[Krclcpp::IntraProcessBufferType::SharedPtr[m[Kâ€™?
   22 |     rclcpp:Service<example_interfaces::srv::AddTwoInts>::[01;31m[KSharedPtr[m[K srv =
      |                                                          [01;31m[K^~~~~~~~~[m[K
      |                                                          [32m[Krclcpp::IntraProcessBufferType::SharedPtr[m[K
In file included from [01m[K/opt/ros/humble/include/rclcpp/rclcpp/experimental/create_intra_process_buffer.hpp:24[m[K,
                 from [01m[K/opt/ros/humble/include/rclcpp/rclcpp/experimental/subscription_intra_process_buffer.hpp:28[m[K,
                 from [01m[K/opt/ros/humble/include/rclcpp/rclcpp/experimental/subscription_intra_process.hpp:31[m[K,
                 from [01m[K/opt/ros/humble/include/rclcpp/rclcpp/experimental/intra_process_manager.hpp:32[m[K,
                 from [01m[K/opt/ros/humble/include/rclcpp/rclcpp/subscription_base.hpp:34[m[K,
                 from [01m[K/opt/ros/humble/include/rclcpp/rclcpp/callback_group.hpp:29[m[K,
                 from [01m[K/opt/ros/humble/include/rclcpp/rclcpp/any_executable.hpp:20[m[K,
                 from [01m[K/opt/ros/humble/include/rclcpp/rclcpp/memory_strategy.hpp:25[m[K,
                 from [01m[K/opt/ros/humble/include/rclcpp/rclcpp/memory_strategies.hpp:18[m[K,
                 from [01m[K/opt/ros/humble/include/rclcpp/rclcpp/executor_options.hpp:20[m[K,
                 from [01m[K/opt/ros/humble/include/rclcpp/rclcpp/executor.hpp:37[m[K,
                 from [01m[K/opt/ros/humble/include/rclcpp/rclcpp/executors/multi_threaded_executor.hpp:25[m[K,
                 from [01m[K/opt/ros/humble/include/rclcpp/rclcpp/executors.hpp:21[m[K,
                 from [01m[K/opt/ros/humble/include/rclcpp/rclcpp/rclcpp.hpp:155[m[K,
                 from [01m[K/home/sis/ros2t_ws/src/add_service_cpp/src/server.cpp:1[m[K:
[01m[K/opt/ros/humble/include/rclcpp/rclcpp/intra_process_buffer_type.hpp:26:3:[m[K [01;36m[Knote: [m[Kâ€˜[01m[Krclcpp::IntraProcessBufferType::SharedPtr[m[Kâ€™ declared here
   26 |   [01;36m[KSharedPtr[m[K,
      |   [01;36m[K^~~~~~~~~[m[K
[01m[K/home/sis/ros2t_ws/src/add_service_cpp/src/server.cpp:22:5:[m[K [01;35m[Kwarning: [m[Klabel â€˜[01m[Krclcpp[m[Kâ€™ defined but not used [[01;35m[K]8;;https://gcc.gnu.org/onlinedocs/gcc/Warning-Options.html#index-Wunused-label-Wunused-label]8;;[m[K]
   22 |     [01;35m[Krclcpp[m[K:Service<example_interfaces::srv::AddTwoInts>::SharedPtr srv =
      |     [01;35m[K^~~~~~[m[K
gmake[2]: *** [CMakeFiles/server.dir/build.make:76: CMakeFiles/server.dir/src/server.cpp.o] Error 1
gmake[1]: *** [CMakeFiles/Makefile2:139: CMakeFiles/server.dir/all] Error 2
gmake[1]: *** Waiting for unfinished jobs....
gmake[2]: *** [CMakeFiles/client.dir/build.make:76: CMakeFiles/client.dir/src/client.cpp.o] Error 1
gmake[1]: *** [CMakeFiles/Makefile2:165: CMakeFiles/client.dir/all] Error 2
gmake: *** [Makefile:146: all] Error 2
