[1.120s] Invoking command in '/home/sis/ros2t_ws/build/add_service_cpp': CMAKE_PREFIX_PATH=${CMAKE_PREFIX_PATH}:/home/sis/ros2t_ws/install/add_service_py:/home/sis/ros2t_ws/install/pubsub_py:/opt/ros/humble /usr/bin/cmake /home/sis/ros2t_ws/src/add_service_cpp -DCMAKE_INSTALL_PREFIX=/home/sis/ros2t_ws/install/add_service_cpp
[2.719s] -- The C compiler identification is GNU 11.4.0
[2.719s] -- The CXX compiler identification is GNU 11.4.0
[2.720s] -- Detecting C compiler ABI info
[2.720s] -- Detecting C compiler ABI info - done
[2.720s] -- Check for working C compiler: /usr/bin/cc - skipped
[2.720s] -- Detecting C compile features
[2.720s] -- Detecting C compile features - done
[2.721s] -- Detecting CXX compiler ABI info
[2.721s] -- Detecting CXX compiler ABI info - done
[2.721s] -- Check for working CXX compiler: /usr/bin/c++ - skipped
[2.721s] -- Detecting CXX compile features
[2.721s] -- Detecting CXX compile features - done
[2.722s] -- Found ament_cmake: 1.3.6 (/opt/ros/humble/share/ament_cmake/cmake)
[3.153s] -- Found Python3: /usr/bin/python3.10 (found version "3.10.12") found components: Interpreter 
[3.469s] -- Found rclcpp: 16.0.7 (/opt/ros/humble/share/rclcpp/cmake)
[3.619s] -- Found rosidl_generator_c: 3.1.5 (/opt/ros/humble/share/rosidl_generator_c/cmake)
[3.630s] -- Found rosidl_adapter: 3.1.5 (/opt/ros/humble/share/rosidl_adapter/cmake)
[3.669s] -- Found rosidl_generator_cpp: 3.1.5 (/opt/ros/humble/share/rosidl_generator_cpp/cmake)
[3.733s] -- Using all available rosidl_typesupport_c: rosidl_typesupport_fastrtps_c;rosidl_typesupport_introspection_c
[3.824s] -- Using all available rosidl_typesupport_cpp: rosidl_typesupport_fastrtps_cpp;rosidl_typesupport_introspection_cpp
[4.076s] -- Found rmw_implementation_cmake: 6.1.1 (/opt/ros/humble/share/rmw_implementation_cmake/cmake)
[4.108s] -- Found rmw_fastrtps_cpp: 6.2.5 (/opt/ros/humble/share/rmw_fastrtps_cpp/cmake)
[4.631s] -- Found OpenSSL: /usr/lib/x86_64-linux-gnu/libcrypto.so (found version "3.0.2")  
[4.760s] -- Found FastRTPS: /opt/ros/humble/include  
[5.075s] -- Using RMW implementation 'rmw_fastrtps_cpp' as default
[5.125s] -- Looking for pthread.h
[5.592s] -- Looking for pthread.h - found
[5.593s] -- Performing Test CMAKE_HAVE_LIBC_PTHREAD
[6.249s] -- Performing Test CMAKE_HAVE_LIBC_PTHREAD - Success
[6.267s] -- Found Threads: TRUE  
[7.149s] -- Found example_interfaces: 0.9.3 (/opt/ros/humble/share/example_interfaces/cmake)
[8.498s] -- Found ament_lint_auto: 0.12.9 (/opt/ros/humble/share/ament_lint_auto/cmake)
[9.074s] -- Added test 'copyright' to check source files copyright and LICENSE
[9.077s] -- Added test 'cppcheck' to perform static code analysis on C / C++ code
[9.078s] -- Configured cppcheck include dirs: 
[9.078s] -- Configured cppcheck exclude dirs and/or files: 
[9.084s] -- Added test 'cpplint' to check C / C++ code against the Google style
[9.085s] -- Configured cpplint exclude dirs and/or files: 
[9.085s] -- Added test 'lint_cmake' to check CMake code style
[9.091s] -- Added test 'uncrustify' to check C / C++ code style
[9.095s] -- Configured uncrustify additional arguments: 
[9.096s] -- Added test 'xmllint' to check XML markup files
[9.107s] -- Configuring done
[9.175s] -- Generating done
[9.176s] -- Build files have been written to: /home/sis/ros2t_ws/build/add_service_cpp
[9.464s] Invoked command in '/home/sis/ros2t_ws/build/add_service_cpp' returned '0': CMAKE_PREFIX_PATH=${CMAKE_PREFIX_PATH}:/home/sis/ros2t_ws/install/add_service_py:/home/sis/ros2t_ws/install/pubsub_py:/opt/ros/humble /usr/bin/cmake /home/sis/ros2t_ws/src/add_service_cpp -DCMAKE_INSTALL_PREFIX=/home/sis/ros2t_ws/install/add_service_cpp
[9.466s] Invoking command in '/home/sis/ros2t_ws/build/add_service_cpp': CMAKE_PREFIX_PATH=${CMAKE_PREFIX_PATH}:/home/sis/ros2t_ws/install/add_service_py:/home/sis/ros2t_ws/install/pubsub_py:/opt/ros/humble /usr/bin/cmake --build /home/sis/ros2t_ws/build/add_service_cpp -- -j4 -l4
[9.672s] [ 25%] [32mBuilding CXX object CMakeFiles/client.dir/src/client.cpp.o[0m
[9.672s] [ 50%] [32mBuilding CXX object CMakeFiles/server.dir/src/server.cpp.o[0m
[18.339s] [01m[K/home/sis/ros2t_ws/src/add_service_cpp/src/client.cpp:[m[K In function â€˜[01m[Kint main(int, char**)[m[Kâ€™:
[18.349s] [01m[K/home/sis/ros2t_ws/src/add_service_cpp/src/client.cpp:21:29:[m[K [01;31m[Kerror: [m[Kâ€˜[01m[Kexmaple_interfaces[m[Kâ€™ was not declared in this scope; did you mean â€˜[01m[Kexample_interfaces[m[Kâ€™?
[18.349s]    21 |         node->create_client<[01;31m[Kexmaple_interfaces[m[K::srv::AddTwoInts>("service");
[18.350s]       |                             [01;31m[K^~~~~~~~~~~~~~~~~~[m[K
[18.350s]       |                             [32m[Kexample_interfaces[m[K
[18.350s] [01m[K/home/sis/ros2t_ws/src/add_service_cpp/src/client.cpp:21:15:[m[K [01;31m[Kerror: [m[Kparse error in template argument list
[18.350s]    21 |         node->[01;31m[Kcreate_client<exmaple_interfaces::srv::AddTwoInts>[m[K("service");
[18.350s]       |               [01;31m[K^~~~~~~~~~~~~~~~~~~~~~~~~~~~~~~~~~~~~~~~~~~~~~~~~~[m[K
[18.351s] [01m[K/home/sis/ros2t_ws/src/add_service_cpp/src/client.cpp:21:65:[m[K [01;31m[Kerror: [m[Kno matching function for call to â€˜[01m[Krclcpp::Node::create_client<<expression error> >(const char [8])[m[Kâ€™
[18.351s]    21 |         [01;31m[Knode->create_client<exmaple_interfaces::srv::AddTwoInts>("service")[m[K;
[18.351s]       |         [01;31m[K~~~~~~~~~~~~~~~~~~~~~~~~~~~~~~~~~~~~~~~~~~~~~~~~~~~~~~~~^~~~~~~~~~~[m[K
[18.351s] In file included from [01m[K/opt/ros/humble/include/rclcpp/rclcpp/executors/single_threaded_executor.hpp:28[m[K,
[18.351s]                  from [01m[K/opt/ros/humble/include/rclcpp/rclcpp/executors.hpp:22[m[K,
[18.352s]                  from [01m[K/opt/ros/humble/include/rclcpp/rclcpp/rclcpp.hpp:155[m[K,
[18.352s]                  from [01m[K/home/sis/ros2t_ws/src/add_service_cpp/src/client.cpp:1[m[K:
[18.352s] [01m[K/opt/ros/humble/include/rclcpp/rclcpp/node.hpp:252:3:[m[K [01;36m[Knote: [m[Kcandidate: â€˜[01m[Ktemplate<class ServiceT> typename rclcpp::Client<ServiceT>::SharedPtr rclcpp::Node::create_client(const string&, const rmw_qos_profile_t&, rclcpp::CallbackGroup::SharedPtr)[m[Kâ€™
[18.352s]   252 |   [01;36m[Kcreate_client[m[K(
[18.352s]       |   [01;36m[K^~~~~~~~~~~~~[m[K
[18.353s] [01m[K/opt/ros/humble/include/rclcpp/rclcpp/node.hpp:252:3:[m[K [01;36m[Knote: [m[K  template argument deduction/substitution failed:
[18.353s] [01m[K/home/sis/ros2t_ws/src/add_service_cpp/src/client.cpp:21:65:[m[K [01;31m[Kerror: [m[Ktemplate argument 1 is invalid
[18.353s]    21 |         [01;31m[Knode->create_client<exmaple_interfaces::srv::AddTwoInts>("service")[m[K;
[18.353s]       |         [01;31m[K~~~~~~~~~~~~~~~~~~~~~~~~~~~~~~~~~~~~~~~~~~~~~~~~~~~~~~~~^~~~~~~~~~~[m[K
[18.353s] [01m[K/home/sis/ros2t_ws/src/add_service_cpp/src/client.cpp:24:28:[m[K [01;31m[Kerror: [m[Kexpected â€˜[01m[K;[m[Kâ€™ before â€˜[01m[Kreq[m[Kâ€™
[18.354s]    24 |     req->a = atoll(argv[1])
[18.354s]       |                            [01;31m[K^[m[K
[18.354s]       |                            [32m[K;[m[K
[18.354s]    25 |     [32m[Kreq[m[K->b = atoll(argv[2])
[18.354s]       |     [32m[K~~~[m[K                     
[18.362s] [01m[K/home/sis/ros2t_ws/src/add_service_cpp/src/server.cpp:[m[K In function â€˜[01m[Kint main(int, char**)[m[Kâ€™:
[18.363s] [01m[K/home/sis/ros2t_ws/src/add_service_cpp/src/server.cpp:22:12:[m[K [01;31m[Kerror: [m[Kâ€˜[01m[KService[m[Kâ€™ was not declared in this scope; did you mean â€˜[01m[Krclcpp::Service[m[Kâ€™?
[18.363s]    22 |     rclcpp:[01;31m[KService[m[K<example_interfaces::srv::AddTwoInts>::SharedPtr srv =
[18.363s]       |            [01;31m[K^~~~~~~[m[K
[18.364s]       |            [32m[Krclcpp::Service[m[K
[18.364s] In file included from [01m[K/opt/ros/humble/include/rclcpp/rclcpp/service.hpp:36[m[K,
[18.364s]                  from [01m[K/opt/ros/humble/include/rclcpp/rclcpp/callback_group.hpp:28[m[K,
[18.364s]                  from [01m[K/opt/ros/humble/include/rclcpp/rclcpp/any_executable.hpp:20[m[K,
[18.365s]                  from [01m[K/opt/ros/humble/include/rclcpp/rclcpp/memory_strategy.hpp:25[m[K,
[18.365s]                  from [01m[K/opt/ros/humble/include/rclcpp/rclcpp/memory_strategies.hpp:18[m[K,
[18.365s]                  from [01m[K/opt/ros/humble/include/rclcpp/rclcpp/executor_options.hpp:20[m[K,
[18.366s]                  from [01m[K/opt/ros/humble/include/rclcpp/rclcpp/executor.hpp:37[m[K,
[18.366s]                  from [01m[K/opt/ros/humble/include/rclcpp/rclcpp/executors/multi_threaded_executor.hpp:25[m[K,
[18.366s]                  from [01m[K/opt/ros/humble/include/rclcpp/rclcpp/executors.hpp:21[m[K,
[18.366s]                  from [01m[K/opt/ros/humble/include/rclcpp/rclcpp/rclcpp.hpp:155[m[K,
[18.367s]                  from [01m[K/home/sis/ros2t_ws/src/add_service_cpp/src/server.cpp:1[m[K:
[18.367s] [01m[K/opt/ros/humble/include/rclcpp/rclcpp/any_service_callback.hpp:55:7:[m[K [01;36m[Knote: [m[Kâ€˜[01m[Krclcpp::Service[m[Kâ€™ declared here
[18.367s]    55 | class [01;36m[KService[m[K;
[18.367s]       |       [01;36m[K^~~~~~~[m[K
[18.367s] [01m[K/home/sis/ros2t_ws/src/add_service_cpp/src/server.cpp:22:55:[m[K [01;31m[Kerror: [m[Kexpected primary-expression before â€˜[01m[K>[m[Kâ€™ token
[18.367s]    22 |     rclcpp:Service<example_interfaces::srv::AddTwoInts[01;31m[K>[m[K::SharedPtr srv =
[18.367s]       |                                                       [01;31m[K^[m[K
[18.368s] [01m[K/home/sis/ros2t_ws/src/add_service_cpp/src/server.cpp:22:58:[m[K [01;31m[Kerror: [m[Kâ€˜[01m[K::SharedPtr[m[Kâ€™ has not been declared; did you mean â€˜[01m[Krclcpp::IntraProcessBufferType::SharedPtr[m[Kâ€™?
[18.368s]    22 |     rclcpp:Service<example_interfaces::srv::AddTwoInts>::[01;31m[KSharedPtr[m[K srv =
[18.368s]       |                                                          [01;31m[K^~~~~~~~~[m[K
[18.368s]       |                                                          [32m[Krclcpp::IntraProcessBufferType::SharedPtr[m[K
[18.368s] In file included from [01m[K/opt/ros/humble/include/rclcpp/rclcpp/experimental/create_intra_process_buffer.hpp:24[m[K,
[18.369s]                  from [01m[K/opt/ros/humble/include/rclcpp/rclcpp/experimental/subscription_intra_process_buffer.hpp:28[m[K,
[18.369s]                  from [01m[K/opt/ros/humble/include/rclcpp/rclcpp/experimental/subscription_intra_process.hpp:31[m[K,
[18.369s]                  from [01m[K/opt/ros/humble/include/rclcpp/rclcpp/experimental/intra_process_manager.hpp:32[m[K,
[18.369s]                  from [01m[K/opt/ros/humble/include/rclcpp/rclcpp/subscription_base.hpp:34[m[K,
[18.369s]                  from [01m[K/opt/ros/humble/include/rclcpp/rclcpp/callback_group.hpp:29[m[K,
[18.370s]                  from [01m[K/opt/ros/humble/include/rclcpp/rclcpp/any_executable.hpp:20[m[K,
[18.370s]                  from [01m[K/opt/ros/humble/include/rclcpp/rclcpp/memory_strategy.hpp:25[m[K,
[18.370s]                  from [01m[K/opt/ros/humble/include/rclcpp/rclcpp/memory_strategies.hpp:18[m[K,
[18.370s]                  from [01m[K/opt/ros/humble/include/rclcpp/rclcpp/executor_options.hpp:20[m[K,
[18.370s]                  from [01m[K/opt/ros/humble/include/rclcpp/rclcpp/executor.hpp:37[m[K,
[18.371s]                  from [01m[K/opt/ros/humble/include/rclcpp/rclcpp/executors/multi_threaded_executor.hpp:25[m[K,
[18.371s]                  from [01m[K/opt/ros/humble/include/rclcpp/rclcpp/executors.hpp:21[m[K,
[18.371s]                  from [01m[K/opt/ros/humble/include/rclcpp/rclcpp/rclcpp.hpp:155[m[K,
[18.371s]                  from [01m[K/home/sis/ros2t_ws/src/add_service_cpp/src/server.cpp:1[m[K:
[18.371s] [01m[K/opt/ros/humble/include/rclcpp/rclcpp/intra_process_buffer_type.hpp:26:3:[m[K [01;36m[Knote: [m[Kâ€˜[01m[Krclcpp::IntraProcessBufferType::SharedPtr[m[Kâ€™ declared here
[18.372s]    26 |   [01;36m[KSharedPtr[m[K,
[18.372s]       |   [01;36m[K^~~~~~~~~[m[K
[18.372s] [01m[K/home/sis/ros2t_ws/src/add_service_cpp/src/server.cpp:22:5:[m[K [01;35m[Kwarning: [m[Klabel â€˜[01m[Krclcpp[m[Kâ€™ defined but not used [[01;35m[K]8;;https://gcc.gnu.org/onlinedocs/gcc/Warning-Options.html#index-Wunused-label-Wunused-label]8;;[m[K]
[18.372s]    22 |     [01;35m[Krclcpp[m[K:Service<example_interfaces::srv::AddTwoInts>::SharedPtr srv =
[18.372s]       |     [01;35m[K^~~~~~[m[K
[19.288s] gmake[2]: *** [CMakeFiles/server.dir/build.make:76: CMakeFiles/server.dir/src/server.cpp.o] Error 1
[19.288s] gmake[1]: *** [CMakeFiles/Makefile2:139: CMakeFiles/server.dir/all] Error 2
[19.288s] gmake[1]: *** Waiting for unfinished jobs....
[19.470s] gmake[2]: *** [CMakeFiles/client.dir/build.make:76: CMakeFiles/client.dir/src/client.cpp.o] Error 1
[19.472s] gmake[1]: *** [CMakeFiles/Makefile2:165: CMakeFiles/client.dir/all] Error 2
[19.472s] gmake: *** [Makefile:146: all] Error 2
[19.475s] Invoked command in '/home/sis/ros2t_ws/build/add_service_cpp' returned '2': CMAKE_PREFIX_PATH=${CMAKE_PREFIX_PATH}:/home/sis/ros2t_ws/install/add_service_py:/home/sis/ros2t_ws/install/pubsub_py:/opt/ros/humble /usr/bin/cmake --build /home/sis/ros2t_ws/build/add_service_cpp -- -j4 -l4
